<?xml version="1.0" encoding="UTF-8"?>
<coverage generated="1624690739912" clover="3.2.0">
  <project timestamp="1624690739912" name="All files">
    <metrics statements="22" coveredstatements="22" conditionals="12" coveredconditionals="12" methods="2" coveredmethods="2" elements="36" coveredelements="36" complexity="0" loc="22" ncloc="22" packages="1" files="1" classes="1"/>
    <file name="app.js" path="D:\Visual Studio Code\groupxs_ttd_exam_book\app.js">
      <metrics statements="22" coveredstatements="22" conditionals="12" coveredconditionals="12" methods="2" coveredmethods="2"/>
      <line num="2" count="1" type="stmt"/>
      <line num="3" count="1" type="stmt"/>
      <line num="7" count="14" type="stmt"/>
      <line num="8" count="14" type="stmt"/>
      <line num="9" count="56" type="stmt"/>
      <line num="10" count="56" type="stmt"/>
      <line num="13" count="56" type="stmt"/>
      <line num="14" count="187" type="stmt"/>
      <line num="17" count="187" type="stmt"/>
      <line num="21" count="187" type="cond" truecount="2" falsecount="0"/>
      <line num="23" count="560" type="cond" truecount="4" falsecount="0"/>
      <line num="24" count="258" type="stmt"/>
      <line num="25" count="258" type="stmt"/>
      <line num="29" count="187" type="cond" truecount="2" falsecount="0"/>
      <line num="31" count="47" type="stmt"/>
      <line num="32" count="47" type="stmt"/>
      <line num="36" count="140" type="stmt"/>
      <line num="42" count="168" type="stmt"/>
      <line num="43" count="56" type="cond" truecount="4" falsecount="0"/>
      <line num="44" count="17" type="stmt"/>
      <line num="47" count="14" type="stmt"/>
      <line num="51" count="1" type="stmt"/>
    </file>
  </project>
</coverage>
