{"D:\\Visual Studio Code\\groupxs_ttd_exam_book\\app.js": {"path":"D:\\Visual Studio Code\\groupxs_ttd_exam_book\\app.js","statementMap":{"0":{"start":{"line":2,"column":19},"end":{"line":2,"column":20}},"1":{"start":{"line":3,"column":18},"end":{"line":3,"column":131}},"2":{"start":{"line":7,"column":25},"end":{"line":7,"column":34}},"3":{"start":{"line":8,"column":4},"end":{"line":45,"column":5}},"4":{"start":{"line":8,"column":16},"end":{"line":8,"column":17}},"5":{"start":{"line":9,"column":22},"end":{"line":9,"column":46}},"6":{"start":{"line":10,"column":16},"end":{"line":10,"column":17}},"7":{"start":{"line":13,"column":6},"end":{"line":38,"column":7}},"8":{"start":{"line":13,"column":16},"end":{"line":13,"column":17}},"9":{"start":{"line":14,"column":25},"end":{"line":14,"column":26}},"10":{"start":{"line":17,"column":22},"end":{"line":17,"column":36}},"11":{"start":{"line":21,"column":8},"end":{"line":27,"column":9}},"12":{"start":{"line":21,"column":18},"end":{"line":21,"column":19}},"13":{"start":{"line":23,"column":10},"end":{"line":26,"column":11}},"14":{"start":{"line":24,"column":12},"end":{"line":24,"column":28}},"15":{"start":{"line":25,"column":12},"end":{"line":25,"column":27}},"16":{"start":{"line":29,"column":8},"end":{"line":37,"column":9}},"17":{"start":{"line":31,"column":10},"end":{"line":31,"column":30}},"18":{"start":{"line":32,"column":10},"end":{"line":32,"column":77}},"19":{"start":{"line":36,"column":10},"end":{"line":36,"column":14}},"20":{"start":{"line":42,"column":6},"end":{"line":42,"column":74}},"21":{"start":{"line":42,"column":47},"end":{"line":42,"column":56}},"22":{"start":{"line":43,"column":6},"end":{"line":44,"column":31}},"23":{"start":{"line":44,"column":8},"end":{"line":44,"column":31}},"24":{"start":{"line":47,"column":4},"end":{"line":47,"column":26}},"25":{"start":{"line":51,"column":2},"end":{"line":51,"column":34}}},"fnMap":{"0":{"name":"calculatePrice","decl":{"start":{"line":6,"column":9},"end":{"line":6,"column":23}},"loc":{"start":{"line":6,"column":44},"end":{"line":48,"column":3}},"line":6},"1":{"name":"(anonymous_1)","decl":{"start":{"line":42,"column":33},"end":{"line":42,"column":34}},"loc":{"start":{"line":42,"column":47},"end":{"line":42,"column":56}},"line":42}},"branchMap":{"0":{"loc":{"start":{"line":21,"column":20},"end":{"line":21,"column":75}},"type":"binary-expr","locations":[{"start":{"line":21,"column":20},"end":{"line":21,"column":36}},{"start":{"line":21,"column":40},"end":{"line":21,"column":75}}],"line":21},"1":{"loc":{"start":{"line":23,"column":10},"end":{"line":26,"column":11}},"type":"if","locations":[{"start":{"line":23,"column":10},"end":{"line":26,"column":11}},{"start":{"line":23,"column":10},"end":{"line":26,"column":11}}],"line":23},"2":{"loc":{"start":{"line":23,"column":13},"end":{"line":23,"column":49}},"type":"binary-expr","locations":[{"start":{"line":23,"column":13},"end":{"line":23,"column":31}},{"start":{"line":23,"column":35},"end":{"line":23,"column":49}}],"line":23},"3":{"loc":{"start":{"line":29,"column":8},"end":{"line":37,"column":9}},"type":"if","locations":[{"start":{"line":29,"column":8},"end":{"line":37,"column":9}},{"start":{"line":29,"column":8},"end":{"line":37,"column":9}}],"line":29},"4":{"loc":{"start":{"line":43,"column":6},"end":{"line":44,"column":31}},"type":"if","locations":[{"start":{"line":43,"column":6},"end":{"line":44,"column":31}},{"start":{"line":43,"column":6},"end":{"line":44,"column":31}}],"line":43},"5":{"loc":{"start":{"line":43,"column":9},"end":{"line":43,"column":50}},"type":"binary-expr","locations":[{"start":{"line":43,"column":9},"end":{"line":43,"column":24}},{"start":{"line":43,"column":28},"end":{"line":43,"column":50}}],"line":43}},"s":{"0":1,"1":1,"2":14,"3":14,"4":14,"5":56,"6":56,"7":56,"8":56,"9":187,"10":187,"11":187,"12":187,"13":560,"14":258,"15":258,"16":187,"17":47,"18":47,"19":140,"20":56,"21":168,"22":56,"23":17,"24":14,"25":1},"f":{"0":14,"1":168},"b":{"0":[747,578],"1":[258,302],"2":[560,560],"3":[47,140],"4":[17,39],"5":[56,39]},"_coverageSchema":"1a1c01bbd47fc00a2c39e90264f33305004495a9","hash":"b7753b408fd52f95779e777231bf267ba4937e0b"}
}
