TN:
SF:app.js
FN:6,calculatePrice
FN:42,(anonymous_1)
FNF:2
FNH:2
FNDA:14,calculatePrice
FNDA:168,(anonymous_1)
DA:2,1
DA:3,1
DA:7,14
DA:8,14
DA:9,56
DA:10,56
DA:13,56
DA:14,187
DA:17,187
DA:21,187
DA:23,560
DA:24,258
DA:25,258
DA:29,187
DA:31,47
DA:32,47
DA:36,140
DA:42,168
DA:43,56
DA:44,17
DA:47,14
DA:51,1
LF:22
LH:22
BRDA:21,0,0,747
BRDA:21,0,1,578
BRDA:23,1,0,258
BRDA:23,1,1,302
BRDA:23,2,0,560
BRDA:23,2,1,560
BRDA:29,3,0,47
BRDA:29,3,1,140
BRDA:43,4,0,17
BRDA:43,4,1,39
BRDA:43,5,0,56
BRDA:43,5,1,39
BRF:12
BRH:12
end_of_record
